app/build/intermediates/manifest_merge_blame_file/release/processReleaseMainManifest/manifest-merger-blame-release-report.txt
1<?xml version="1.0" encoding="utf-8"?>
2<manifest xmlns:android="http://schemas.android.com/apk/res/android"
3    package="com.dip.selfprotocol"
4    android:versionCode="1"
5    android:versionName="1.0.1" >
6
7    <uses-sdk
8        android:minSdkVersion="21"
9        android:targetSdkVersion="34" />
10
11    <uses-permission android:name="android.permission.USE_BIOMETRIC" />
11-->src\main\AndroidManifest.xml:5:5-72
11-->src\main\AndroidManifest.xml:5:22-69
12    <!-- suppress DeprecatedClassUsageInspection -->
13    <uses-permission android:name="android.permission.USE_FINGERPRINT" />
13-->[androidx.biometric:biometric:1.1.0] AndroidManifest.xml:27:5-74
13-->[androidx.biometric:biometric:1.1.0] AndroidManifest.xml:27:22-71
14
15    <permission
15-->[androidx.core:core:1.12.0] AndroidManifest.xml:22:5-24:47
16        android:name="com.dip.selfprotocol.DYNAMIC_RECEIVER_NOT_EXPORTED_PERMISSION"
16-->[androidx.core:core:1.12.0] AndroidManifest.xml:23:9-81
17        android:protectionLevel="signature" />
17-->[androidx.core:core:1.12.0] AndroidManifest.xml:24:9-44
18
19    <uses-permission android:name="com.dip.selfprotocol.DYNAMIC_RECEIVER_NOT_EXPORTED_PERMISSION" />
19-->[androidx.core:core:1.12.0] AndroidManifest.xml:26:5-97
19-->[androidx.core:core:1.12.0] AndroidManifest.xml:26:22-94
20
21    <application
21-->src\main\AndroidManifest.xml:7:5-29:19
22        android:name="com.dip.selfprotocol.SelfProtocolApp"
22-->src\main\AndroidManifest.xml:8:9-40
23        android:allowBackup="false"
23-->src\main\AndroidManifest.xml:9:9-36
24        android:appComponentFactory="androidx.core.app.CoreComponentFactory"
24-->[androidx.core:core:1.12.0] AndroidManifest.xml:28:18-86
25        android:dataExtractionRules="@xml/data_extraction_rules"
25-->src\main\AndroidManifest.xml:10:9-65
26        android:enableOnBackInvokedCallback="true"
26-->src\main\AndroidManifest.xml:17:9-51
27        android:extractNativeLibs="true"
28        android:fullBackupContent="@xml/backup_rules"
28-->src\main\AndroidManifest.xml:11:9-54
29        android:icon="@mipmap/ic_launcher"
29-->src\main\AndroidManifest.xml:12:9-43
30        android:label="@string/app_name"
30-->src\main\AndroidManifest.xml:13:9-41
31        android:roundIcon="@mipmap/ic_launcher_round"
31-->src\main\AndroidManifest.xml:14:9-54
32        android:supportsRtl="true"
32-->src\main\AndroidManifest.xml:15:9-35
33        android:testOnly="true"
34        android:theme="@style/Theme.SelfProtocol" >
34-->src\main\AndroidManifest.xml:16:9-50
35        <activity
35-->src\main\AndroidManifest.xml:19:9-28:20
36            android:name="com.dip.selfprotocol.MainActivity"
36-->src\main\AndroidManifest.xml:20:13-41
37            android:exported="true"
37-->src\main\AndroidManifest.xml:21:13-36
38            android:theme="@style/Theme.SelfProtocol"
38-->src\main\AndroidManifest.xml:23:13-54
39            android:windowSoftInputMode="adjustResize" >
39-->src\main\AndroidManifest.xml:22:13-55
40            <intent-filter>
40-->src\main\AndroidManifest.xml:24:13-27:29
41                <action android:name="android.intent.action.MAIN" />
41-->src\main\AndroidManifest.xml:25:17-69
41-->src\main\AndroidManifest.xml:25:25-66
42
43                <category android:name="android.intent.category.LAUNCHER" />
43-->src\main\AndroidManifest.xml:26:17-77
43-->src\main\AndroidManifest.xml:26:27-74
44            </intent-filter>
45        </activity>
46
47        <provider
47-->[androidx.emoji2:emoji2:1.3.0] AndroidManifest.xml:24:9-32:20
48            android:name="androidx.startup.InitializationProvider"
48-->[androidx.emoji2:emoji2:1.3.0] AndroidManifest.xml:25:13-67
49            android:authorities="com.dip.selfprotocol.androidx-startup"
49-->[androidx.emoji2:emoji2:1.3.0] AndroidManifest.xml:26:13-68
50            android:exported="false" >
50-->[androidx.emoji2:emoji2:1.3.0] AndroidManifest.xml:27:13-37
51            <meta-data
51-->[androidx.emoji2:emoji2:1.3.0] AndroidManifest.xml:29:13-31:52
52                android:name="androidx.emoji2.text.EmojiCompatInitializer"
52-->[androidx.emoji2:emoji2:1.3.0] AndroidManifest.xml:30:17-75
53                android:value="androidx.startup" />
53-->[androidx.emoji2:emoji2:1.3.0] AndroidManifest.xml:31:17-49
54            <meta-data
54-->[androidx.lifecycle:lifecycle-process:2.7.0] AndroidManifest.xml:29:13-31:52
55                android:name="androidx.lifecycle.ProcessLifecycleInitializer"
55-->[androidx.lifecycle:lifecycle-process:2.7.0] AndroidManifest.xml:30:17-78
56                android:value="androidx.startup" />
56-->[androidx.lifecycle:lifecycle-process:2.7.0] AndroidManifest.xml:31:17-49
57            <meta-data
57-->[androidx.profileinstaller:profileinstaller:1.3.0] AndroidManifest.xml:29:13-31:52
58                android:name="androidx.profileinstaller.ProfileInstallerInitializer"
58-->[androidx.profileinstaller:profileinstaller:1.3.0] AndroidManifest.xml:30:17-85
59                android:value="androidx.startup" />
59-->[androidx.profileinstaller:profileinstaller:1.3.0] AndroidManifest.xml:31:17-49
60        </provider>
61
62        <service
62-->[androidx.room:room-runtime:2.6.1] AndroidManifest.xml:24:9-28:63
63            android:name="androidx.room.MultiInstanceInvalidationService"
63-->[androidx.room:room-runtime:2.6.1] AndroidManifest.xml:25:13-74
64            android:directBootAware="true"
64-->[androidx.room:room-runtime:2.6.1] AndroidManifest.xml:26:13-43
65            android:exported="false" />
65-->[androidx.room:room-runtime:2.6.1] AndroidManifest.xml:27:13-37
66
67        <receiver
67-->[androidx.profileinstaller:profileinstaller:1.3.0] AndroidManifest.xml:34:9-52:20
68            android:name="androidx.profileinstaller.ProfileInstallReceiver"
68-->[androidx.profileinstaller:profileinstaller:1.3.0] AndroidManifest.xml:35:13-76
69            android:directBootAware="false"
69-->[androidx.profileinstaller:profileinstaller:1.3.0] AndroidManifest.xml:36:13-44
70            android:enabled="true"
70-->[androidx.profileinstaller:profileinstaller:1.3.0] AndroidManifest.xml:37:13-35
71            android:exported="true"
71-->[androidx.profileinstaller:profileinstaller:1.3.0] AndroidManifest.xml:38:13-36
72            android:permission="android.permission.DUMP" >
72-->[androidx.profileinstaller:profileinstaller:1.3.0] AndroidManifest.xml:39:13-57
73            <intent-filter>
73-->[androidx.profileinstaller:profileinstaller:1.3.0] AndroidManifest.xml:40:13-42:29
74                <action android:name="androidx.profileinstaller.action.INSTALL_PROFILE" />
74-->[androidx.profileinstaller:profileinstaller:1.3.0] AndroidManifest.xml:41:17-91
74-->[androidx.profileinstaller:profileinstaller:1.3.0] AndroidManifest.xml:41:25-88
75            </intent-filter>
76            <intent-filter>
76-->[androidx.profileinstaller:profileinstaller:1.3.0] AndroidManifest.xml:43:13-45:29
77                <action android:name="androidx.profileinstaller.action.SKIP_FILE" />
77-->[androidx.profileinstaller:profileinstaller:1.3.0] AndroidManifest.xml:44:17-85
77-->[androidx.profileinstaller:profileinstaller:1.3.0] AndroidManifest.xml:44:25-82
78            </intent-filter>
79            <intent-filter>
79-->[androidx.profileinstaller:profileinstaller:1.3.0] AndroidManifest.xml:46:13-48:29
80                <action android:name="androidx.profileinstaller.action.SAVE_PROFILE" />
80-->[androidx.profileinstaller:profileinstaller:1.3.0] AndroidManifest.xml:47:17-88
80-->[androidx.profileinstaller:profileinstaller:1.3.0] AndroidManifest.xml:47:25-85
81            </intent-filter>
82            <intent-filter>
82-->[androidx.profileinstaller:profileinstaller:1.3.0] AndroidManifest.xml:49:13-51:29
83                <action android:name="androidx.profileinstaller.action.BENCHMARK_OPERATION" />
83-->[androidx.profileinstaller:profileinstaller:1.3.0] AndroidManifest.xml:50:17-95
83-->[androidx.profileinstaller:profileinstaller:1.3.0] AndroidManifest.xml:50:25-92
84            </intent-filter>
85        </receiver>
86    </application>
87
88</manifest>